<?xml version="1.0" encoding="UTF-8"?>
<testng-results skipped="0" failed="0" ignored="0" total="1" passed="1">
  <reporter-output>
  </reporter-output>
  <suite name="Default suite" duration-ms="5804" started-at="2019-03-07T09:51:50Z" finished-at="2019-03-07T09:51:56Z">
    <groups>
    </groups>
    <test name="Default test" duration-ms="5804" started-at="2019-03-07T09:51:50Z" finished-at="2019-03-07T09:51:56Z">
      <class name="mavenProject.GoogleTest">
        <test-method status="PASS" signature="beforeTest()[pri:0, instance:mavenProject.GoogleTest@2a5ca609]" name="beforeTest" is-config="true" duration-ms="5754" started-at="2019-03-07T15:21:50Z" finished-at="2019-03-07T15:21:56Z">
          <reporter-output>
          </reporter-output>
        </test-method> <!-- beforeTest -->
        <test-method status="PASS" signature="launchTest()[pri:0, instance:mavenProject.GoogleTest@2a5ca609]" name="launchTest" duration-ms="20" started-at="2019-03-07T15:21:56Z" finished-at="2019-03-07T15:21:56Z">
          <reporter-output>
          </reporter-output>
        </test-method> <!-- launchTest -->
        <test-method status="PASS" signature="afterTest()[pri:0, instance:mavenProject.GoogleTest@2a5ca609]" name="afterTest" is-config="true" duration-ms="1" started-at="2019-03-07T15:21:56Z" finished-at="2019-03-07T15:21:56Z">
          <reporter-output>
          </reporter-output>
        </test-method> <!-- afterTest -->
      </class> <!-- mavenProject.GoogleTest -->
    </test> <!-- Default test -->
  </suite> <!-- Default suite -->
</testng-results>
